1705336989654	geckodriver	INFO	Listening on 127.0.0.1:60198
1705336992667	mozrunner::runner	INFO	Running command: "C:\\Program Files\\Mozilla Firefox\\firefox.exe" "--marionette" "--remote-debugging-port" "60199" "--remote-allow-hosts" "localhost" "-no-remote" "-profile" "C:\\Users\\Nick\\AppData\\Local\\Temp\\rust_mozprofileIqQ54E"
console.warn: services.settings: Ignoring preference override of remote settings server
console.warn: services.settings: Allow by setting MOZ_REMOTE_SETTINGS_DEVTOOLS=1 in the environment
1705336992826	Marionette	INFO	Marionette enabled
Dynamically enable window occlusion 0
1705336992864	Marionette	INFO	Listening on port 60208
WebDriver BiDi listening on ws://127.0.0.1:60199
Read port: 60208
1705336992948	RemoteAgent	WARN	TLS certificate errors will be ignored for this session
DevTools listening on ws://127.0.0.1:60199/devtools/browser/e7b4c2c6-2277-48e6-8124-f8c67752cc2f
JavaScript warning: https://cdn.stepik.net/static/frontend-build/vendor.js?1704721264, line 6289: unreachable code after return statement
JavaScript error: https://cdn.stepik.net/static/frontend-build/vendor.js?1704721264, line 6105: Error: Expected: '<assignment:568645>' to be present in the adapter provided payload, but it was not found.
JavaScript warning: https://www.googletagmanager.com/gtag/js?id=G-3YHTYDHHZK, line 169: Script terminated by timeout at:
l@https://www.googletagmanager.com/gtag/js?id=G-3YHTYDHHZK:169:51
uA@https://www.googletagmanager.com/gtag/js?id=G-3YHTYDHHZK:487:134
vA/<@https://www.googletagmanager.com/gtag/js?id=G-3YHTYDHHZK:487:111
r@https://cdn.stepik.net/static/frontend-build/chunk.55.cc84007eec2eca7abbc3.js?1704721264:311:52

1705337012073	Marionette	INFO	Stopped listening on port 60208
Dynamically enable window occlusion 1
